<?xml version="1.0" encoding="UTF-8"?>
<!-- Generated by org.testng.reporters.JUnitXMLReporter -->
<testsuite ignored="2" hostname="LTIN226787" failures="0" tests="2" name="Test" time="35.649" errors="0" timestamp="2024-02-08T22:43:50 IST">
  <testcase classname="TestCase.TC01_Home" name="Home" time="20.497"/>
  <testcase classname="TestCase.TC02_SecondPAge" name="secondPagee" time="4.172"/>
  <testcase classname="TestBase.testBase" name="@AfterTest tearDown" time="0.0">
    <ignored/>
  </testcase> <!-- @AfterTest tearDown -->
  <testcase classname="TestBase.testBase" name="@BeforeTest setUp" time="0.0">
    <ignored/>
  </testcase> <!-- @BeforeTest setUp -->
</testsuite> <!-- Test -->
