<?xml version="1.0" encoding="UTF-8"?>
<testng-results ignored="0" total="2" passed="2" failed="0" skipped="0">
  <reporter-output>
  </reporter-output>
  <suite started-at="2024-02-08T22:43:14 IST" name="Suite" finished-at="2024-02-08T22:43:50 IST" duration-ms="35649">
    <groups>
    </groups>
    <test started-at="2024-02-08T22:43:14 IST" name="Test" finished-at="2024-02-08T22:43:50 IST" duration-ms="35649">
      <class name="TestCase.TC02_SecondPAge">
        <test-method signature="secondPagee()[pri:0, instance:TestCase.TC02_SecondPAge@5876a9af]" started-at="2024-02-08T22:43:44 IST" name="secondPagee" finished-at="2024-02-08T22:43:49 IST" duration-ms="4172" status="PASS">
          <reporter-output>
          </reporter-output>
        </test-method> <!-- secondPagee -->
      </class> <!-- TestCase.TC02_SecondPAge -->
      <class name="TestCase.TC01_Home">
        <test-method is-config="true" signature="setUp()[pri:0, instance:TestCase.TC01_Home@4a94ee4]" started-at="2024-02-08T22:43:14 IST" name="setUp" finished-at="2024-02-08T22:43:24 IST" duration-ms="9656" status="PASS">
          <reporter-output>
          </reporter-output>
        </test-method> <!-- setUp -->
        <test-method signature="Home()[pri:0, instance:TestCase.TC01_Home@4a94ee4]" started-at="2024-02-08T22:43:24 IST" name="Home" finished-at="2024-02-08T22:43:44 IST" duration-ms="20497" status="PASS">
          <reporter-output>
          </reporter-output>
        </test-method> <!-- Home -->
        <test-method is-config="true" signature="tearDown()[pri:0, instance:TestCase.TC01_Home@4a94ee4]" started-at="2024-02-08T22:43:49 IST" name="tearDown" finished-at="2024-02-08T22:43:50 IST" duration-ms="1215" status="PASS">
          <reporter-output>
          </reporter-output>
        </test-method> <!-- tearDown -->
      </class> <!-- TestCase.TC01_Home -->
    </test> <!-- Test -->
  </suite> <!-- Suite -->
</testng-results>
