<?xml version="1.0" encoding="UTF-8"?>
<testng-results ignored="2" total="4" passed="2" failed="0" skipped="0">
  <reporter-output>
  </reporter-output>
  <suite started-at="2024-02-08T22:37:43 IST" name="Suite" finished-at="2024-02-08T22:38:17 IST" duration-ms="33360">
    <groups>
    </groups>
    <test started-at="2024-02-08T22:37:43 IST" name="Test" finished-at="2024-02-08T22:38:17 IST" duration-ms="33360">
      <class name="TestCase.TC02_SecondPAge">
        <test-method signature="secondPagee()[pri:0, instance:TestCase.TC02_SecondPAge@593aaf41]" started-at="2024-02-08T22:38:09 IST" name="secondPagee" finished-at="2024-02-08T22:38:16 IST" duration-ms="6786" status="PASS">
          <reporter-output>
          </reporter-output>
        </test-method> <!-- secondPagee -->
      </class> <!-- TestCase.TC02_SecondPAge -->
      <class name="TestCase.TC01_Home">
        <test-method is-config="true" signature="setUp()[pri:0, instance:TestCase.TC01_Home@2ed2d9cb]" started-at="2024-02-08T22:37:43 IST" name="setUp" finished-at="2024-02-08T22:37:51 IST" duration-ms="7288" status="PASS">
          <reporter-output>
          </reporter-output>
        </test-method> <!-- setUp -->
        <test-method signature="Home()[pri:0, instance:TestCase.TC01_Home@2ed2d9cb]" started-at="2024-02-08T22:37:51 IST" name="Home" finished-at="2024-02-08T22:38:09 IST" duration-ms="17956" status="PASS">
          <reporter-output>
          </reporter-output>
        </test-method> <!-- Home -->
        <test-method is-config="true" signature="tearDown()[pri:0, instance:TestCase.TC01_Home@2ed2d9cb]" started-at="2024-02-08T22:38:16 IST" name="tearDown" finished-at="2024-02-08T22:38:17 IST" duration-ms="1264" status="PASS">
          <reporter-output>
          </reporter-output>
        </test-method> <!-- tearDown -->
      </class> <!-- TestCase.TC01_Home -->
    </test> <!-- Test -->
  </suite> <!-- Suite -->
</testng-results>
